<component name="libraryTable">
  <library name="junit-4.12">
    <CLASSES>
      <root url="jar://$PROJECT_DIR$/../../JARS/junit-4.12.jar!/" />
      <root url="jar://$PROJECT_DIR$/../../JARS/jar_files/apiguardian-api-1.1.2.jar!/" />
      <root url="jar://$PROJECT_DIR$/../../JARS/jar_files/hamcrest-core-1.3.jar!/" />
      <root url="jar://$PROJECT_DIR$/../../JARS/jar_files/junit-4.13.2.jar!/" />
      <root url="jar://$PROJECT_DIR$/../../JARS/jar_files/junit-platform-commons-1.10.0-M1.jar!/" />
      <root url="jar://$PROJECT_DIR$/../../JARS/jar_files/junit-platform-engine-1.10.0-M1.jar!/" />
      <root url="jar://$PROJECT_DIR$/../../JARS/jar_files/junit-platform-launcher-1.10.0-M1.jar!/" />
      <root url="jar://$PROJECT_DIR$/../../JARS/jar_files/junit-platform-runner-1.10.0-M1.jar!/" />
      <root url="jar://$PROJECT_DIR$/../../JARS/jar_files/junit-platform-suite-api-1.10.0-M1.jar!/" />
      <root url="jar://$PROJECT_DIR$/../../JARS/jar_files/opentest4j-1.2.0.jar!/" />
      <root url="jar://$PROJECT_DIR$/../../JARS/jar_files/junit-platform-suite-commons-1.10.0-M1.jar!/" />
    </CLASSES>
    <JAVADOC />
    <SOURCES />
  </library>
</component>